<?xml version="1.0" encoding="UTF-8"?>
<testsuite name="Cucumber" time="20.138" tests="4" skipped="0" failures="0" errors="0">
<testcase classname="Login functionality for opencart E-commerce application" name="Unsuccessful login with invalid or empty credentials - Example #1.2" time="19.742">
<system-out><![CDATA[
Given I am on the opencart login page.......................................passed
Given I have entered a invalid "ui23@gmail.com" and "validass"..............passed
When I click on the login button............................................passed
Then I should see error message indicating "Warning: No match for E-Mail Address and/or Password.".passed
]]></system-out>
</testcase>
<testcase classname="Login functionality for opencart E-commerce application" name="Unsuccessful login with invalid or empty credentials - Example #1.1" time="19.851">
<system-out><![CDATA[
Given I am on the opencart login page.......................................passed
Given I have entered a invalid "12^gmail78.com" and "invalidpassword".......passed
When I click on the login button............................................passed
Then I should see error message indicating "Warning: No match for E-Mail Address and/or Password.".passed
]]></system-out>
</testcase>
<testcase classname="Login functionality for opencart E-commerce application" name="Navigating to forgotten password page" time="19.043">
<system-out><![CDATA[
Given I am on the opencart login page.......................................passed
When I click on forgot password link........................................passed
Then I should be navigated to password reset page...........................passed
]]></system-out>
</testcase>
<testcase classname="Login functionality for opencart E-commerce application" name="Successful login with valid credentials" time="19.429">
<system-out><![CDATA[
Given I am on the opencart login page.......................................passed
Given I have entered valid username and password............................passed
When I click on the login button............................................passed
Then Login should be successful.............................................passed
]]></system-out>
</testcase>
</testsuite>
